<?xml version="1.0" encoding="UTF-8"?>
<testng-results skipped="0" failed="0" total="1" passed="1">
	<reporter-output>
	</reporter-output>
	<suite name="JCPSuite" duration-ms="96366" started-at="2017-07-13T11:34:48Z"
		finished-at="2017-07-13T11:36:24Z">
		<groups>
			<group name="cucumber">
				<method
					signature="AbstractTestNGCucumberTests.feature(cucumber.api.testng.CucumberFeatureWrapper)[pri:0, instance:CucumberRunnerTestNgTest@4bec1f0c]"
					name="feature" class="cucumber.api.testng.AbstractTestNGCucumberTests" />
			</group> <!-- cucumber -->
		</groups>
		<test name="JPC_HomeScreen" duration-ms="96366" started-at="2017-07-13T11:34:48Z"
			finished-at="2017-07-13T11:36:24Z">
			<class name="CucumberRunnerTestNgTest">
				<test-method status="PASS"
					signature="setUpClass()[pri:0, instance:CucumberRunnerTestNgTest@4bec1f0c]"
					name="setUpClass" is-config="true" duration-ms="350"
					started-at="2017-07-13T17:04:48Z" finished-at="2017-07-13T17:04:48Z">
					<reporter-output>
					</reporter-output>
				</test-method> <!-- setUpClass -->
				<test-method status="PASS"
					signature="feature(cucumber.api.testng.CucumberFeatureWrapper)[pri:0, instance:CucumberRunnerTestNgTest@4bec1f0c]"
					name="feature" duration-ms="95894" started-at="2017-07-13T17:04:48Z"
					description="Runs Cucumber Feature" data-provider="features"
					finished-at="2017-07-13T17:06:24Z">
					<params>
						<param index="0">
							<value>
                <![CDATA[CucumberPOC]]>
							</value>
						</param>
					</params>
					<reporter-output>
					</reporter-output>
				</test-method> <!-- feature -->
				<test-method status="PASS"
					signature="tearDownClass()[pri:0, instance:CucumberRunnerTestNgTest@4bec1f0c]"
					name="tearDownClass" is-config="true" duration-ms="10"
					started-at="2017-07-13T17:06:24Z" finished-at="2017-07-13T17:06:24Z">
					<reporter-output>
					</reporter-output>
				</test-method> <!-- tearDownClass -->
			</class> <!-- CucumberRunnerTestNgTest -->
		</test> <!-- JPC_HomeScreen -->
	</suite> <!-- JCPSuite -->
</testng-results>
